CRITICAL - 2024-06-20 20:20:07 --> ParseError: syntax error, unexpected token "public", expecting end of file
[Method: GET, Route: news]
in APPPATH\Models\NewsModel.php on line 12.
 1 SYSTEMPATH\Autoloader\Autoloader.php(296): CodeIgniter\Autoloader\Autoloader->includeFile('C:\\xampp\\htdocs\\lab3\\ci4\\app\\Models\\NewsModel.php')
 2 SYSTEMPATH\Autoloader\Autoloader.php(272): CodeIgniter\Autoloader\Autoloader->loadInNamespace('App\\Models\\NewsModel')
 3 [internal function]: CodeIgniter\Autoloader\Autoloader->loadClass('App\\Models\\NewsModel')
 4 SYSTEMPATH\Config\Factories.php(297): class_exists('App\\Models\\NewsModel')
 5 SYSTEMPATH\Config\Factories.php(216): CodeIgniter\Config\Factories::locateClass([...], 'App\\Models\\NewsModel')
 6 SYSTEMPATH\Config\Factories.php(159): CodeIgniter\Config\Factories::getDefinedInstance([...], 'App\\Models\\NewsModel', [...])
 7 SYSTEMPATH\Common.php(802): CodeIgniter\Config\Factories::__callStatic('models', [...])
 8 APPPATH\Controllers\News.php(13): model('App\\Models\\NewsModel')
 9 SYSTEMPATH\CodeIgniter.php(933): App\Controllers\News->index()
10 SYSTEMPATH\CodeIgniter.php(509): CodeIgniter\CodeIgniter->runController(Object(App\Controllers\News))
11 SYSTEMPATH\CodeIgniter.php(355): CodeIgniter\CodeIgniter->handleRequest(null, Object(Config\Cache), false)
12 SYSTEMPATH\Boot.php(312): CodeIgniter\CodeIgniter->run()
13 SYSTEMPATH\Boot.php(67): CodeIgniter\Boot::runCodeIgniter(Object(CodeIgniter\CodeIgniter))
14 FCPATH\index.php(56): CodeIgniter\Boot::bootWeb(Object(Config\Paths))
CRITICAL - 2024-06-20 20:23:59 --> ParseError: Unclosed '{' on line 8
[Method: GET, Route: news]
in APPPATH\Models\NewsModel.php on line 18.
 1 SYSTEMPATH\Autoloader\Autoloader.php(296): CodeIgniter\Autoloader\Autoloader->includeFile('C:\\xampp\\htdocs\\lab3\\ci4\\app\\Models\\NewsModel.php')
 2 SYSTEMPATH\Autoloader\Autoloader.php(272): CodeIgniter\Autoloader\Autoloader->loadInNamespace('App\\Models\\NewsModel')
 3 [internal function]: CodeIgniter\Autoloader\Autoloader->loadClass('App\\Models\\NewsModel')
 4 SYSTEMPATH\Config\Factories.php(297): class_exists('App\\Models\\NewsModel')
 5 SYSTEMPATH\Config\Factories.php(216): CodeIgniter\Config\Factories::locateClass([...], 'App\\Models\\NewsModel')
 6 SYSTEMPATH\Config\Factories.php(159): CodeIgniter\Config\Factories::getDefinedInstance([...], 'App\\Models\\NewsModel', [...])
 7 SYSTEMPATH\Common.php(802): CodeIgniter\Config\Factories::__callStatic('models', [...])
 8 APPPATH\Controllers\News.php(13): model('App\\Models\\NewsModel')
 9 SYSTEMPATH\CodeIgniter.php(933): App\Controllers\News->index()
10 SYSTEMPATH\CodeIgniter.php(509): CodeIgniter\CodeIgniter->runController(Object(App\Controllers\News))
11 SYSTEMPATH\CodeIgniter.php(355): CodeIgniter\CodeIgniter->handleRequest(null, Object(Config\Cache), false)
12 SYSTEMPATH\Boot.php(312): CodeIgniter\CodeIgniter->run()
13 SYSTEMPATH\Boot.php(67): CodeIgniter\Boot::runCodeIgniter(Object(CodeIgniter\CodeIgniter))
14 FCPATH\index.php(56): CodeIgniter\Boot::bootWeb(Object(Config\Paths))
CRITICAL - 2024-06-20 20:24:24 --> ParseError: Unclosed '{' on line 12
[Method: GET, Route: news]
in APPPATH\Models\NewsModel.php on line 18.
 1 SYSTEMPATH\Autoloader\Autoloader.php(296): CodeIgniter\Autoloader\Autoloader->includeFile('C:\\xampp\\htdocs\\lab3\\ci4\\app\\Models\\NewsModel.php')
 2 SYSTEMPATH\Autoloader\Autoloader.php(272): CodeIgniter\Autoloader\Autoloader->loadInNamespace('App\\Models\\NewsModel')
 3 [internal function]: CodeIgniter\Autoloader\Autoloader->loadClass('App\\Models\\NewsModel')
 4 SYSTEMPATH\Config\Factories.php(297): class_exists('App\\Models\\NewsModel')
 5 SYSTEMPATH\Config\Factories.php(216): CodeIgniter\Config\Factories::locateClass([...], 'App\\Models\\NewsModel')
 6 SYSTEMPATH\Config\Factories.php(159): CodeIgniter\Config\Factories::getDefinedInstance([...], 'App\\Models\\NewsModel', [...])
 7 SYSTEMPATH\Common.php(802): CodeIgniter\Config\Factories::__callStatic('models', [...])
 8 APPPATH\Controllers\News.php(13): model('App\\Models\\NewsModel')
 9 SYSTEMPATH\CodeIgniter.php(933): App\Controllers\News->index()
10 SYSTEMPATH\CodeIgniter.php(509): CodeIgniter\CodeIgniter->runController(Object(App\Controllers\News))
11 SYSTEMPATH\CodeIgniter.php(355): CodeIgniter\CodeIgniter->handleRequest(null, Object(Config\Cache), false)
12 SYSTEMPATH\Boot.php(312): CodeIgniter\CodeIgniter->run()
13 SYSTEMPATH\Boot.php(67): CodeIgniter\Boot::runCodeIgniter(Object(CodeIgniter\CodeIgniter))
14 FCPATH\index.php(56): CodeIgniter\Boot::bootWeb(Object(Config\Paths))
CRITICAL - 2024-06-20 20:24:54 --> ParseError: Unclosed '{' on line 8
[Method: GET, Route: news]
in APPPATH\Models\NewsModel.php on line 19.
 1 SYSTEMPATH\Autoloader\Autoloader.php(296): CodeIgniter\Autoloader\Autoloader->includeFile('C:\\xampp\\htdocs\\lab3\\ci4\\app\\Models\\NewsModel.php')
 2 SYSTEMPATH\Autoloader\Autoloader.php(272): CodeIgniter\Autoloader\Autoloader->loadInNamespace('App\\Models\\NewsModel')
 3 [internal function]: CodeIgniter\Autoloader\Autoloader->loadClass('App\\Models\\NewsModel')
 4 SYSTEMPATH\Config\Factories.php(297): class_exists('App\\Models\\NewsModel')
 5 SYSTEMPATH\Config\Factories.php(216): CodeIgniter\Config\Factories::locateClass([...], 'App\\Models\\NewsModel')
 6 SYSTEMPATH\Config\Factories.php(159): CodeIgniter\Config\Factories::getDefinedInstance([...], 'App\\Models\\NewsModel', [...])
 7 SYSTEMPATH\Common.php(802): CodeIgniter\Config\Factories::__callStatic('models', [...])
 8 APPPATH\Controllers\News.php(13): model('App\\Models\\NewsModel')
 9 SYSTEMPATH\CodeIgniter.php(933): App\Controllers\News->index()
10 SYSTEMPATH\CodeIgniter.php(509): CodeIgniter\CodeIgniter->runController(Object(App\Controllers\News))
11 SYSTEMPATH\CodeIgniter.php(355): CodeIgniter\CodeIgniter->handleRequest(null, Object(Config\Cache), false)
12 SYSTEMPATH\Boot.php(312): CodeIgniter\CodeIgniter->run()
13 SYSTEMPATH\Boot.php(67): CodeIgniter\Boot::runCodeIgniter(Object(CodeIgniter\CodeIgniter))
14 FCPATH\index.php(56): CodeIgniter\Boot::bootWeb(Object(Config\Paths))
CRITICAL - 2024-06-20 20:26:24 --> ParseError: syntax error, unexpected token "public", expecting end of file
[Method: GET, Route: news]
in APPPATH\Models\NewsModel.php on line 11.
 1 SYSTEMPATH\Autoloader\Autoloader.php(296): CodeIgniter\Autoloader\Autoloader->includeFile('C:\\xampp\\htdocs\\lab3\\ci4\\app\\Models\\NewsModel.php')
 2 SYSTEMPATH\Autoloader\Autoloader.php(272): CodeIgniter\Autoloader\Autoloader->loadInNamespace('App\\Models\\NewsModel')
 3 [internal function]: CodeIgniter\Autoloader\Autoloader->loadClass('App\\Models\\NewsModel')
 4 SYSTEMPATH\Config\Factories.php(297): class_exists('App\\Models\\NewsModel')
 5 SYSTEMPATH\Config\Factories.php(216): CodeIgniter\Config\Factories::locateClass([...], 'App\\Models\\NewsModel')
 6 SYSTEMPATH\Config\Factories.php(159): CodeIgniter\Config\Factories::getDefinedInstance([...], 'App\\Models\\NewsModel', [...])
 7 SYSTEMPATH\Common.php(802): CodeIgniter\Config\Factories::__callStatic('models', [...])
 8 APPPATH\Controllers\News.php(13): model('App\\Models\\NewsModel')
 9 SYSTEMPATH\CodeIgniter.php(933): App\Controllers\News->index()
10 SYSTEMPATH\CodeIgniter.php(509): CodeIgniter\CodeIgniter->runController(Object(App\Controllers\News))
11 SYSTEMPATH\CodeIgniter.php(355): CodeIgniter\CodeIgniter->handleRequest(null, Object(Config\Cache), false)
12 SYSTEMPATH\Boot.php(312): CodeIgniter\CodeIgniter->run()
13 SYSTEMPATH\Boot.php(67): CodeIgniter\Boot::runCodeIgniter(Object(CodeIgniter\CodeIgniter))
14 FCPATH\index.php(56): CodeIgniter\Boot::bootWeb(Object(Config\Paths))
CRITICAL - 2024-06-20 20:27:08 --> ParseError: syntax error, unexpected token "public", expecting end of file
[Method: GET, Route: news]
in APPPATH\Models\NewsModel.php on line 11.
 1 SYSTEMPATH\Autoloader\Autoloader.php(296): CodeIgniter\Autoloader\Autoloader->includeFile('C:\\xampp\\htdocs\\lab3\\ci4\\app\\Models\\NewsModel.php')
 2 SYSTEMPATH\Autoloader\Autoloader.php(272): CodeIgniter\Autoloader\Autoloader->loadInNamespace('App\\Models\\NewsModel')
 3 [internal function]: CodeIgniter\Autoloader\Autoloader->loadClass('App\\Models\\NewsModel')
 4 SYSTEMPATH\Config\Factories.php(297): class_exists('App\\Models\\NewsModel')
 5 SYSTEMPATH\Config\Factories.php(216): CodeIgniter\Config\Factories::locateClass([...], 'App\\Models\\NewsModel')
 6 SYSTEMPATH\Config\Factories.php(159): CodeIgniter\Config\Factories::getDefinedInstance([...], 'App\\Models\\NewsModel', [...])
 7 SYSTEMPATH\Common.php(802): CodeIgniter\Config\Factories::__callStatic('models', [...])
 8 APPPATH\Controllers\News.php(13): model('App\\Models\\NewsModel')
 9 SYSTEMPATH\CodeIgniter.php(933): App\Controllers\News->index()
10 SYSTEMPATH\CodeIgniter.php(509): CodeIgniter\CodeIgniter->runController(Object(App\Controllers\News))
11 SYSTEMPATH\CodeIgniter.php(355): CodeIgniter\CodeIgniter->handleRequest(null, Object(Config\Cache), false)
12 SYSTEMPATH\Boot.php(312): CodeIgniter\CodeIgniter->run()
13 SYSTEMPATH\Boot.php(67): CodeIgniter\Boot::runCodeIgniter(Object(CodeIgniter\CodeIgniter))
14 FCPATH\index.php(56): CodeIgniter\Boot::bootWeb(Object(Config\Paths))
